<?xml version="1.0" encoding="UTF-8"?>
<testng-results ignored="0" total="2" passed="2" failed="0" skipped="0">
  <reporter-output>
  </reporter-output>
  <suite started-at="2023-12-03T19:32:45 IST" name="Default suite" finished-at="2023-12-03T19:35:26 IST" duration-ms="160675">
    <groups>
    </groups>
    <test started-at="2023-12-03T19:32:45 IST" name="Default test" finished-at="2023-12-03T19:35:26 IST" duration-ms="160675">
      <class name="pimTestcse.Testcasepim">
        <test-method signature="Testcase()[pri:0, instance:pimTestcse.Testcasepim@702b8b12]" started-at="2023-12-03T19:32:45 IST" name="Testcase" finished-at="2023-12-03T19:34:06 IST" duration-ms="80145" status="PASS">
          <reporter-output>
          </reporter-output>
        </test-method> <!-- Testcase -->
        <test-method signature="Testcase()[pri:0, instance:pimTestcse.Testcasepim@702b8b12]" started-at="2023-12-03T19:34:06 IST" name="Testcase" finished-at="2023-12-03T19:35:26 IST" duration-ms="80445" status="PASS">
          <reporter-output>
          </reporter-output>
        </test-method> <!-- Testcase -->
      </class> <!-- pimTestcse.Testcasepim -->
    </test> <!-- Default test -->
  </suite> <!-- Default suite -->
</testng-results>
