<?xml version="1.0" encoding="UTF-8"?>
<testng-results ignored="0" total="1" passed="1" failed="0" skipped="0">
  <reporter-output>
  </reporter-output>
  <suite started-at="2024-06-22T16:17:46 IST" name="Default suite" finished-at="2024-06-22T16:18:17 IST" duration-ms="31580">
    <groups>
    </groups>
    <test started-at="2024-06-22T16:17:46 IST" name="Default test" finished-at="2024-06-22T16:18:17 IST" duration-ms="31580">
      <class name="NaukariTestcase.LoginTc_01">
        <test-method signature="Test()[pri:0, instance:NaukariTestcase.LoginTc_01@1cbb87f3]" started-at="2024-06-22T16:17:46 IST" name="Test" finished-at="2024-06-22T16:18:17 IST" duration-ms="31504" status="PASS">
          <reporter-output>
          </reporter-output>
        </test-method> <!-- Test -->
      </class> <!-- NaukariTestcase.LoginTc_01 -->
    </test> <!-- Default test -->
  </suite> <!-- Default suite -->
</testng-results>
